<?xml version="1.0" encoding="UTF-8"?>
<!-- Generated by org.testng.reporters.JUnitReportReporter -->
<testsuite skipped="0" hostname="AMMU" name="com.test.automation.UiAutomation.homePage.TC002_SelectMenu" tests="1" failures="0" timestamp="10 Nov 2017 18:48:55 GMT" time="3.273" errors="0">
  <testcase name="selectMenu" time="3.273" classname="com.test.automation.UiAutomation.homePage.TC002_SelectMenu"/>
</testsuite> <!-- com.test.automation.UiAutomation.homePage.TC002_SelectMenu -->
