<?xml version="1.0" encoding="UTF-8"?>
<!-- Generated by org.testng.reporters.JUnitReportReporter -->
<testsuite skipped="0" hostname="AMMU" name="com.test.automation.UiAutomation.homePage.TC001_VerifyLoginWithInvalidCredentials" tests="1" failures="0" timestamp="14 Nov 2017 22:14:45 GMT" time="9.699" errors="0">
  <testcase name="verifyLoginWithInvalidCredentials" time="9.699" classname="com.test.automation.UiAutomation.homePage.TC001_VerifyLoginWithInvalidCredentials"/>
</testsuite> <!-- com.test.automation.UiAutomation.homePage.TC001_VerifyLoginWithInvalidCredentials -->
